INFO:  latexindent version 3.17.2, 2022-04-14, a script to indent .tex files
       latexindent lives here: /usr/share/texmf-dist/scripts/latexindent/
       Tue Aug 30 21:32:18 2022
       Reading input from STDIN
INFO:  Processing switches:
       -l|--localSettings: Read localSettings YAML file
       -m|--modifylinebreaks: modify line breaks
INFO:  Directory for backup files and indent.log:
       .
INFO:  YAML settings read: defaultSettings.yaml
       Reading defaultSettings.yaml from /usr/share/texmf-dist/scripts/latexindent/defaultSettings.yaml
INFO:  YAML settings read: indentconfig.yaml or .indentconfig.yaml
       Home directory is /home/lckdscl (didn't find either indentconfig.yaml or .indentconfig.yaml)
       To specify user settings you would put indentconfig.yaml here: /home/lckdscl/indentconfig.yaml
       Alternatively, you can use the hidden file .indentconfig.yaml as: /home/lckdscl/.indentconfig.yaml
INFO:  YAML settings read: -l switch
       Adding /home/lckdscl/downloads/textwrap.yaml to YAML read paths
INFO:  YAML settings, reading from the following files:
       Reading USER settings from /home/lckdscl/downloads/textwrap.yaml
       ---
       modifyLineBreaks:
         removeParagraphLineBreaks:
           all: '1'
           beforeTextWrap: '1'
         textWrapOptions:
           all: '1'
           columns: '65'
           environments: '0'
           perCodeBlockBasis: '1'

INFO:  Phase 1: searching for objects
INFO:  Phase 2: finding surrounding indentation
INFO:  Phase 3: indenting objects
INFO:  Phase 4: final indentation check
INFO:  Output routine:
       Not outputting to file; see -w and -o switches for more options.
       --------------
INFO:  Please direct all communication/issues to:
        https://github.com/cmhughes/latexindent.pl
